[debug] [2025-09-15T04:04:27.412Z] Checked if tokens are valid: true, expires at: 1757911627145
[debug] [2025-09-15T04:04:27.414Z] Checked if tokens are valid: true, expires at: 1757911627145
[debug] [2025-09-15T04:04:27.414Z] Checked if tokens are valid: true, expires at: 1757911627145
[debug] [2025-09-15T04:04:27.414Z] Checked if tokens are valid: true, expires at: 1757911627145
[debug] [2025-09-15T04:04:27.414Z] Checked if tokens are valid: true, expires at: 1757911627145
[debug] [2025-09-15T04:04:27.414Z] Checked if tokens are valid: true, expires at: 1757911627145
[debug] [2025-09-15T04:04:27.414Z] Checked if tokens are valid: true, expires at: 1757911627145
[debug] [2025-09-15T04:04:27.414Z] Checked if tokens are valid: true, expires at: 1757911627145
[debug] [2025-09-15T04:04:27.415Z] Checked if tokens are valid: true, expires at: 1757911627145
[debug] [2025-09-15T04:04:27.415Z] Checked if tokens are valid: true, expires at: 1757911627145
[debug] [2025-09-15T04:04:27.415Z] >>> [apiv2][query] GET https://serviceusage.googleapis.com/v1/projects/shair-vault/services/ [none]
[debug] [2025-09-15T04:04:27.415Z] >>> [apiv2][(partial)header] GET https://serviceusage.googleapis.com/v1/projects/shair-vault/services/ x-goog-quota-user=projects/shair-vault
[debug] [2025-09-15T04:04:27.432Z] >>> [apiv2][query] GET https://serviceusage.googleapis.com/v1/projects/shair-vault/services/firebasedataconnect.googleapis.com [none]
[debug] [2025-09-15T04:04:27.432Z] >>> [apiv2][(partial)header] GET https://serviceusage.googleapis.com/v1/projects/shair-vault/services/firebasedataconnect.googleapis.com x-goog-quota-user=projects/shair-vault
[debug] [2025-09-15T04:04:27.433Z] >>> [apiv2][query] GET https://serviceusage.googleapis.com/v1/projects/shair-vault/services/firebasecrashlytics.googleapis.com [none]
[debug] [2025-09-15T04:04:27.433Z] >>> [apiv2][(partial)header] GET https://serviceusage.googleapis.com/v1/projects/shair-vault/services/firebasecrashlytics.googleapis.com x-goog-quota-user=projects/shair-vault
[debug] [2025-09-15T04:04:27.433Z] >>> [apiv2][query] GET https://serviceusage.googleapis.com/v1/projects/shair-vault/services/firebaseapphosting.googleapis.com [none]
[debug] [2025-09-15T04:04:27.433Z] >>> [apiv2][(partial)header] GET https://serviceusage.googleapis.com/v1/projects/shair-vault/services/firebaseapphosting.googleapis.com x-goog-quota-user=projects/shair-vault
[debug] [2025-09-15T04:04:27.434Z] >>> [apiv2][query] GET https://serviceusage.googleapis.com/v1/projects/shair-vault/services/firebaseio.com [none]
[debug] [2025-09-15T04:04:27.434Z] >>> [apiv2][(partial)header] GET https://serviceusage.googleapis.com/v1/projects/shair-vault/services/firebaseio.com x-goog-quota-user=projects/shair-vault
[debug] [2025-09-15T04:04:27.446Z] Checked if tokens are valid: true, expires at: 1757911627145
[debug] [2025-09-15T04:04:27.446Z] Checked if tokens are valid: true, expires at: 1757911627145
[debug] [2025-09-15T04:04:27.447Z] Checked if tokens are valid: true, expires at: 1757911627145
[debug] [2025-09-15T04:04:27.447Z] Checked if tokens are valid: true, expires at: 1757911627145
[debug] [2025-09-15T04:04:27.447Z] Checked if tokens are valid: true, expires at: 1757911627145
[debug] [2025-09-15T04:04:27.447Z] Checked if tokens are valid: true, expires at: 1757911627145
[debug] [2025-09-15T04:04:27.447Z] Checked if tokens are valid: true, expires at: 1757911627145
[debug] [2025-09-15T04:04:27.447Z] Checked if tokens are valid: true, expires at: 1757911627145
[debug] [2025-09-15T04:04:27.447Z] Checked if tokens are valid: true, expires at: 1757911627145
[debug] [2025-09-15T04:04:27.447Z] Checked if tokens are valid: true, expires at: 1757911627145
[debug] [2025-09-15T04:04:27.447Z] Checked if tokens are valid: true, expires at: 1757911627145
[debug] [2025-09-15T04:04:27.447Z] Checked if tokens are valid: true, expires at: 1757911627145
[debug] [2025-09-15T04:04:27.447Z] Checked if tokens are valid: true, expires at: 1757911627145
[debug] [2025-09-15T04:04:27.447Z] Checked if tokens are valid: true, expires at: 1757911627145
[debug] [2025-09-15T04:04:27.447Z] Checked if tokens are valid: true, expires at: 1757911627145
[debug] [2025-09-15T04:04:27.447Z] Checked if tokens are valid: true, expires at: 1757911627145
[debug] [2025-09-15T04:04:27.447Z] Checked if tokens are valid: true, expires at: 1757911627145
[debug] [2025-09-15T04:04:27.447Z] Checked if tokens are valid: true, expires at: 1757911627145
[debug] [2025-09-15T04:04:27.447Z] Checked if tokens are valid: true, expires at: 1757911627145
[debug] [2025-09-15T04:04:27.447Z] Checked if tokens are valid: true, expires at: 1757911627145
[debug] [2025-09-15T04:04:27.447Z] >>> [apiv2][query] GET https://serviceusage.googleapis.com/v1/projects/shair-vault/services/ [none]
[debug] [2025-09-15T04:04:27.447Z] >>> [apiv2][(partial)header] GET https://serviceusage.googleapis.com/v1/projects/shair-vault/services/ x-goog-quota-user=projects/shair-vault
[debug] [2025-09-15T04:04:27.447Z] >>> [apiv2][query] GET https://serviceusage.googleapis.com/v1/projects/shair-vault/services/firebasedataconnect.googleapis.com [none]
[debug] [2025-09-15T04:04:27.447Z] >>> [apiv2][(partial)header] GET https://serviceusage.googleapis.com/v1/projects/shair-vault/services/firebasedataconnect.googleapis.com x-goog-quota-user=projects/shair-vault
[debug] [2025-09-15T04:04:27.448Z] >>> [apiv2][query] GET https://serviceusage.googleapis.com/v1/projects/shair-vault/services/firebasecrashlytics.googleapis.com [none]
[debug] [2025-09-15T04:04:27.448Z] >>> [apiv2][(partial)header] GET https://serviceusage.googleapis.com/v1/projects/shair-vault/services/firebasecrashlytics.googleapis.com x-goog-quota-user=projects/shair-vault
[debug] [2025-09-15T04:04:27.449Z] >>> [apiv2][query] GET https://serviceusage.googleapis.com/v1/projects/shair-vault/services/firebaseapphosting.googleapis.com [none]
[debug] [2025-09-15T04:04:27.449Z] >>> [apiv2][(partial)header] GET https://serviceusage.googleapis.com/v1/projects/shair-vault/services/firebaseapphosting.googleapis.com x-goog-quota-user=projects/shair-vault
[debug] [2025-09-15T04:04:27.449Z] >>> [apiv2][query] GET https://serviceusage.googleapis.com/v1/projects/shair-vault/services/firebaseio.com [none]
[debug] [2025-09-15T04:04:27.449Z] >>> [apiv2][(partial)header] GET https://serviceusage.googleapis.com/v1/projects/shair-vault/services/firebaseio.com x-goog-quota-user=projects/shair-vault
[debug] [2025-09-15T04:04:27.450Z] >>> [apiv2][query] GET https://serviceusage.googleapis.com/v1/projects/shair-vault/services/ [none]
[debug] [2025-09-15T04:04:27.450Z] >>> [apiv2][(partial)header] GET https://serviceusage.googleapis.com/v1/projects/shair-vault/services/ x-goog-quota-user=projects/shair-vault
[debug] [2025-09-15T04:04:27.450Z] >>> [apiv2][query] GET https://serviceusage.googleapis.com/v1/projects/shair-vault/services/firebasedataconnect.googleapis.com [none]
[debug] [2025-09-15T04:04:27.450Z] >>> [apiv2][(partial)header] GET https://serviceusage.googleapis.com/v1/projects/shair-vault/services/firebasedataconnect.googleapis.com x-goog-quota-user=projects/shair-vault
[debug] [2025-09-15T04:04:27.450Z] >>> [apiv2][query] GET https://serviceusage.googleapis.com/v1/projects/shair-vault/services/firebasecrashlytics.googleapis.com [none]
[debug] [2025-09-15T04:04:27.450Z] >>> [apiv2][(partial)header] GET https://serviceusage.googleapis.com/v1/projects/shair-vault/services/firebasecrashlytics.googleapis.com x-goog-quota-user=projects/shair-vault
[debug] [2025-09-15T04:04:27.450Z] >>> [apiv2][query] GET https://serviceusage.googleapis.com/v1/projects/shair-vault/services/firebaseapphosting.googleapis.com [none]
[debug] [2025-09-15T04:04:27.450Z] >>> [apiv2][(partial)header] GET https://serviceusage.googleapis.com/v1/projects/shair-vault/services/firebaseapphosting.googleapis.com x-goog-quota-user=projects/shair-vault
[debug] [2025-09-15T04:04:27.450Z] >>> [apiv2][query] GET https://serviceusage.googleapis.com/v1/projects/shair-vault/services/firebaseio.com [none]
[debug] [2025-09-15T04:04:27.450Z] >>> [apiv2][(partial)header] GET https://serviceusage.googleapis.com/v1/projects/shair-vault/services/firebaseio.com x-goog-quota-user=projects/shair-vault
[debug] [2025-09-15T04:04:28.204Z] <<< [apiv2][status] GET https://serviceusage.googleapis.com/v1/projects/shair-vault/services/firebaseio.com 403
[debug] [2025-09-15T04:04:28.204Z] <<< [apiv2][body] GET https://serviceusage.googleapis.com/v1/projects/shair-vault/services/firebaseio.com [omitted]
[debug] [2025-09-15T04:04:28.260Z] <<< [apiv2][status] GET https://serviceusage.googleapis.com/v1/projects/shair-vault/services/firebasecrashlytics.googleapis.com 200
[debug] [2025-09-15T04:04:28.260Z] <<< [apiv2][body] GET https://serviceusage.googleapis.com/v1/projects/shair-vault/services/firebasecrashlytics.googleapis.com [omitted]
[debug] [2025-09-15T04:04:29.220Z] <<< [apiv2][status] GET https://serviceusage.googleapis.com/v1/projects/shair-vault/services/firebaseio.com 403
[debug] [2025-09-15T04:04:29.220Z] <<< [apiv2][body] GET https://serviceusage.googleapis.com/v1/projects/shair-vault/services/firebaseio.com [omitted]
[debug] [2025-09-15T04:04:29.255Z] <<< [apiv2][status] GET https://serviceusage.googleapis.com/v1/projects/shair-vault/services/firebasecrashlytics.googleapis.com 200
[debug] [2025-09-15T04:04:29.255Z] <<< [apiv2][body] GET https://serviceusage.googleapis.com/v1/projects/shair-vault/services/firebasecrashlytics.googleapis.com [omitted]
[debug] [2025-09-15T04:04:29.256Z] <<< [apiv2][status] GET https://serviceusage.googleapis.com/v1/projects/shair-vault/services/firebaseio.com 403
[debug] [2025-09-15T04:04:29.256Z] <<< [apiv2][body] GET https://serviceusage.googleapis.com/v1/projects/shair-vault/services/firebaseio.com [omitted]
[debug] [2025-09-15T04:04:29.260Z] <<< [apiv2][status] GET https://serviceusage.googleapis.com/v1/projects/shair-vault/services/firebasecrashlytics.googleapis.com 200
[debug] [2025-09-15T04:04:29.260Z] <<< [apiv2][body] GET https://serviceusage.googleapis.com/v1/projects/shair-vault/services/firebasecrashlytics.googleapis.com [omitted]
[debug] [2025-09-15T04:04:29.276Z] <<< [apiv2][status] GET https://serviceusage.googleapis.com/v1/projects/shair-vault/services/firebasedataconnect.googleapis.com 200
[debug] [2025-09-15T04:04:29.276Z] <<< [apiv2][body] GET https://serviceusage.googleapis.com/v1/projects/shair-vault/services/firebasedataconnect.googleapis.com [omitted]
[debug] [2025-09-15T04:04:29.289Z] <<< [apiv2][status] GET https://serviceusage.googleapis.com/v1/projects/shair-vault/services/firebaseapphosting.googleapis.com 200
[debug] [2025-09-15T04:04:29.289Z] <<< [apiv2][body] GET https://serviceusage.googleapis.com/v1/projects/shair-vault/services/firebaseapphosting.googleapis.com [omitted]
[debug] [2025-09-15T04:04:29.303Z] <<< [apiv2][status] GET https://serviceusage.googleapis.com/v1/projects/shair-vault/services/firebasedataconnect.googleapis.com 200
[debug] [2025-09-15T04:04:29.303Z] <<< [apiv2][body] GET https://serviceusage.googleapis.com/v1/projects/shair-vault/services/firebasedataconnect.googleapis.com [omitted]
[debug] [2025-09-15T04:04:29.304Z] <<< [apiv2][status] GET https://serviceusage.googleapis.com/v1/projects/shair-vault/services/firebaseapphosting.googleapis.com 200
[debug] [2025-09-15T04:04:29.304Z] <<< [apiv2][body] GET https://serviceusage.googleapis.com/v1/projects/shair-vault/services/firebaseapphosting.googleapis.com [omitted]
[debug] [2025-09-15T04:04:29.309Z] <<< [apiv2][status] GET https://serviceusage.googleapis.com/v1/projects/shair-vault/services/firebaseapphosting.googleapis.com 200
[debug] [2025-09-15T04:04:29.309Z] <<< [apiv2][body] GET https://serviceusage.googleapis.com/v1/projects/shair-vault/services/firebaseapphosting.googleapis.com [omitted]
[debug] [2025-09-15T04:04:29.322Z] <<< [apiv2][status] GET https://serviceusage.googleapis.com/v1/projects/shair-vault/services/ 200
[debug] [2025-09-15T04:04:29.322Z] <<< [apiv2][body] GET https://serviceusage.googleapis.com/v1/projects/shair-vault/services/ [omitted]
[debug] [2025-09-15T04:04:29.325Z] <<< [apiv2][status] GET https://serviceusage.googleapis.com/v1/projects/shair-vault/services/firebasedataconnect.googleapis.com 200
[debug] [2025-09-15T04:04:29.325Z] <<< [apiv2][body] GET https://serviceusage.googleapis.com/v1/projects/shair-vault/services/firebasedataconnect.googleapis.com [omitted]
[debug] [2025-09-15T04:04:29.333Z] > command requires scopes: ["email","openid","https://www.googleapis.com/auth/cloudplatformprojects.readonly","https://www.googleapis.com/auth/firebase","https://www.googleapis.com/auth/cloud-platform"]
[debug] [2025-09-15T04:04:29.333Z] > authorizing via signed-in user (bollywooodsong22@gmail.com)
[debug] [2025-09-15T04:04:29.405Z] <<< [apiv2][status] GET https://serviceusage.googleapis.com/v1/projects/shair-vault/services/ 200
[debug] [2025-09-15T04:04:29.405Z] <<< [apiv2][body] GET https://serviceusage.googleapis.com/v1/projects/shair-vault/services/ [omitted]
[debug] [2025-09-15T04:04:29.407Z] > command requires scopes: ["email","openid","https://www.googleapis.com/auth/cloudplatformprojects.readonly","https://www.googleapis.com/auth/firebase","https://www.googleapis.com/auth/cloud-platform"]
[debug] [2025-09-15T04:04:29.407Z] > authorizing via signed-in user (bollywooodsong22@gmail.com)
[debug] [2025-09-15T04:04:29.562Z] <<< [apiv2][status] GET https://serviceusage.googleapis.com/v1/projects/shair-vault/services/ 200
[debug] [2025-09-15T04:04:29.562Z] <<< [apiv2][body] GET https://serviceusage.googleapis.com/v1/projects/shair-vault/services/ [omitted]
[debug] [2025-09-15T04:37:42.392Z] Checked if tokens are valid: false, expires at: 1757911627145
[debug] [2025-09-15T04:37:42.393Z] Checked if tokens are valid: false, expires at: 1757911627145
[debug] [2025-09-15T04:37:42.393Z] > refreshing access token with scopes: []
[debug] [2025-09-15T04:37:42.394Z] >>> [apiv2][query] POST https://www.googleapis.com/oauth2/v3/token [none]
[debug] [2025-09-15T04:37:42.394Z] >>> [apiv2][body] POST https://www.googleapis.com/oauth2/v3/token [omitted]
[debug] [2025-09-15T04:37:42.411Z] Checked if tokens are valid: false, expires at: 1757911627145
[debug] [2025-09-15T04:37:42.411Z] Checked if tokens are valid: false, expires at: 1757911627145
[debug] [2025-09-15T04:37:42.411Z] > refreshing access token with scopes: []
[debug] [2025-09-15T04:37:42.412Z] >>> [apiv2][query] POST https://www.googleapis.com/oauth2/v3/token [none]
[debug] [2025-09-15T04:37:42.412Z] >>> [apiv2][body] POST https://www.googleapis.com/oauth2/v3/token [omitted]
[debug] [2025-09-15T04:37:42.413Z] Checked if tokens are valid: false, expires at: 1757911627145
[debug] [2025-09-15T04:37:42.413Z] Checked if tokens are valid: false, expires at: 1757911627145
[debug] [2025-09-15T04:37:42.413Z] > refreshing access token with scopes: []
[debug] [2025-09-15T04:37:42.413Z] >>> [apiv2][query] POST https://www.googleapis.com/oauth2/v3/token [none]
[debug] [2025-09-15T04:37:42.413Z] >>> [apiv2][body] POST https://www.googleapis.com/oauth2/v3/token [omitted]
[debug] [2025-09-15T04:37:42.413Z] Checked if tokens are valid: false, expires at: 1757911627145
[debug] [2025-09-15T04:37:42.413Z] Checked if tokens are valid: false, expires at: 1757911627145
[debug] [2025-09-15T04:37:42.413Z] > refreshing access token with scopes: []
[debug] [2025-09-15T04:37:42.413Z] >>> [apiv2][query] POST https://www.googleapis.com/oauth2/v3/token [none]
[debug] [2025-09-15T04:37:42.413Z] >>> [apiv2][body] POST https://www.googleapis.com/oauth2/v3/token [omitted]
[debug] [2025-09-15T04:37:42.414Z] Checked if tokens are valid: false, expires at: 1757911627145
[debug] [2025-09-15T04:37:42.414Z] Checked if tokens are valid: false, expires at: 1757911627145
[debug] [2025-09-15T04:37:42.414Z] > refreshing access token with scopes: []
[debug] [2025-09-15T04:37:42.414Z] >>> [apiv2][query] POST https://www.googleapis.com/oauth2/v3/token [none]
[debug] [2025-09-15T04:37:42.414Z] >>> [apiv2][body] POST https://www.googleapis.com/oauth2/v3/token [omitted]
[debug] [2025-09-15T04:37:42.428Z] Checked if tokens are valid: false, expires at: 1757911627145
[debug] [2025-09-15T04:37:42.428Z] Checked if tokens are valid: false, expires at: 1757911627145
[debug] [2025-09-15T04:37:42.428Z] > refreshing access token with scopes: []
[debug] [2025-09-15T04:37:42.428Z] >>> [apiv2][query] POST https://www.googleapis.com/oauth2/v3/token [none]
[debug] [2025-09-15T04:37:42.428Z] >>> [apiv2][body] POST https://www.googleapis.com/oauth2/v3/token [omitted]
[debug] [2025-09-15T04:37:42.428Z] Checked if tokens are valid: false, expires at: 1757911627145
[debug] [2025-09-15T04:37:42.428Z] Checked if tokens are valid: false, expires at: 1757911627145
[debug] [2025-09-15T04:37:42.428Z] > refreshing access token with scopes: []
[debug] [2025-09-15T04:37:42.429Z] >>> [apiv2][query] POST https://www.googleapis.com/oauth2/v3/token [none]
[debug] [2025-09-15T04:37:42.429Z] >>> [apiv2][body] POST https://www.googleapis.com/oauth2/v3/token [omitted]
[debug] [2025-09-15T04:37:42.429Z] Checked if tokens are valid: false, expires at: 1757911627145
[debug] [2025-09-15T04:37:42.429Z] Checked if tokens are valid: false, expires at: 1757911627145
[debug] [2025-09-15T04:37:42.429Z] > refreshing access token with scopes: []
[debug] [2025-09-15T04:37:42.429Z] >>> [apiv2][query] POST https://www.googleapis.com/oauth2/v3/token [none]
[debug] [2025-09-15T04:37:42.429Z] >>> [apiv2][body] POST https://www.googleapis.com/oauth2/v3/token [omitted]
[debug] [2025-09-15T04:37:42.430Z] Checked if tokens are valid: false, expires at: 1757911627145
[debug] [2025-09-15T04:37:42.430Z] Checked if tokens are valid: false, expires at: 1757911627145
[debug] [2025-09-15T04:37:42.430Z] > refreshing access token with scopes: []
[debug] [2025-09-15T04:37:42.430Z] >>> [apiv2][query] POST https://www.googleapis.com/oauth2/v3/token [none]
[debug] [2025-09-15T04:37:42.430Z] >>> [apiv2][body] POST https://www.googleapis.com/oauth2/v3/token [omitted]
[debug] [2025-09-15T04:37:42.431Z] Checked if tokens are valid: false, expires at: 1757911627145
[debug] [2025-09-15T04:37:42.431Z] Checked if tokens are valid: false, expires at: 1757911627145
[debug] [2025-09-15T04:37:42.431Z] > refreshing access token with scopes: []
[debug] [2025-09-15T04:37:42.431Z] >>> [apiv2][query] POST https://www.googleapis.com/oauth2/v3/token [none]
[debug] [2025-09-15T04:37:42.431Z] >>> [apiv2][body] POST https://www.googleapis.com/oauth2/v3/token [omitted]
[debug] [2025-09-15T04:37:42.431Z] Checked if tokens are valid: false, expires at: 1757911627145
[debug] [2025-09-15T04:37:42.431Z] Checked if tokens are valid: false, expires at: 1757911627145
[debug] [2025-09-15T04:37:42.431Z] > refreshing access token with scopes: []
[debug] [2025-09-15T04:37:42.431Z] >>> [apiv2][query] POST https://www.googleapis.com/oauth2/v3/token [none]
[debug] [2025-09-15T04:37:42.431Z] >>> [apiv2][body] POST https://www.googleapis.com/oauth2/v3/token [omitted]
[debug] [2025-09-15T04:37:42.431Z] Checked if tokens are valid: false, expires at: 1757911627145
[debug] [2025-09-15T04:37:42.431Z] Checked if tokens are valid: false, expires at: 1757911627145
[debug] [2025-09-15T04:37:42.431Z] > refreshing access token with scopes: []
[debug] [2025-09-15T04:37:42.431Z] >>> [apiv2][query] POST https://www.googleapis.com/oauth2/v3/token [none]
[debug] [2025-09-15T04:37:42.431Z] >>> [apiv2][body] POST https://www.googleapis.com/oauth2/v3/token [omitted]
[debug] [2025-09-15T04:37:42.432Z] Checked if tokens are valid: false, expires at: 1757911627145
[debug] [2025-09-15T04:37:42.432Z] Checked if tokens are valid: false, expires at: 1757911627145
[debug] [2025-09-15T04:37:42.432Z] > refreshing access token with scopes: []
[debug] [2025-09-15T04:37:42.432Z] >>> [apiv2][query] POST https://www.googleapis.com/oauth2/v3/token [none]
[debug] [2025-09-15T04:37:42.432Z] >>> [apiv2][body] POST https://www.googleapis.com/oauth2/v3/token [omitted]
[debug] [2025-09-15T04:37:42.432Z] Checked if tokens are valid: false, expires at: 1757911627145
[debug] [2025-09-15T04:37:42.432Z] Checked if tokens are valid: false, expires at: 1757911627145
[debug] [2025-09-15T04:37:42.432Z] > refreshing access token with scopes: []
[debug] [2025-09-15T04:37:42.432Z] >>> [apiv2][query] POST https://www.googleapis.com/oauth2/v3/token [none]
[debug] [2025-09-15T04:37:42.432Z] >>> [apiv2][body] POST https://www.googleapis.com/oauth2/v3/token [omitted]
[debug] [2025-09-15T04:37:42.432Z] Checked if tokens are valid: false, expires at: 1757911627145
[debug] [2025-09-15T04:37:42.432Z] Checked if tokens are valid: false, expires at: 1757911627145
[debug] [2025-09-15T04:37:42.432Z] > refreshing access token with scopes: []
[debug] [2025-09-15T04:37:42.432Z] >>> [apiv2][query] POST https://www.googleapis.com/oauth2/v3/token [none]
[debug] [2025-09-15T04:37:42.432Z] >>> [apiv2][body] POST https://www.googleapis.com/oauth2/v3/token [omitted]
[debug] [2025-09-15T04:37:42.556Z] <<< [apiv2][status] POST https://www.googleapis.com/oauth2/v3/token 200
[debug] [2025-09-15T04:37:42.556Z] <<< [apiv2][body] POST https://www.googleapis.com/oauth2/v3/token [omitted]
[debug] [2025-09-15T04:37:42.570Z] >>> [apiv2][query] GET https://serviceusage.googleapis.com/v1/projects/shair-vault/services/firebasedataconnect.googleapis.com [none]
[debug] [2025-09-15T04:37:42.570Z] >>> [apiv2][(partial)header] GET https://serviceusage.googleapis.com/v1/projects/shair-vault/services/firebasedataconnect.googleapis.com x-goog-quota-user=projects/shair-vault
[debug] [2025-09-15T04:37:42.574Z] <<< [apiv2][status] POST https://www.googleapis.com/oauth2/v3/token 200
[debug] [2025-09-15T04:37:42.574Z] <<< [apiv2][body] POST https://www.googleapis.com/oauth2/v3/token [omitted]
[debug] [2025-09-15T04:37:42.584Z] >>> [apiv2][query] GET https://serviceusage.googleapis.com/v1/projects/shair-vault/services/firebasedataconnect.googleapis.com [none]
[debug] [2025-09-15T04:37:42.584Z] >>> [apiv2][(partial)header] GET https://serviceusage.googleapis.com/v1/projects/shair-vault/services/firebasedataconnect.googleapis.com x-goog-quota-user=projects/shair-vault
[debug] [2025-09-15T04:37:42.584Z] <<< [apiv2][status] POST https://www.googleapis.com/oauth2/v3/token 200
[debug] [2025-09-15T04:37:42.584Z] <<< [apiv2][body] POST https://www.googleapis.com/oauth2/v3/token [omitted]
[debug] [2025-09-15T04:37:42.592Z] >>> [apiv2][query] GET https://serviceusage.googleapis.com/v1/projects/shair-vault/services/firebaseapphosting.googleapis.com [none]
[debug] [2025-09-15T04:37:42.592Z] >>> [apiv2][(partial)header] GET https://serviceusage.googleapis.com/v1/projects/shair-vault/services/firebaseapphosting.googleapis.com x-goog-quota-user=projects/shair-vault
[debug] [2025-09-15T04:37:42.593Z] <<< [apiv2][status] POST https://www.googleapis.com/oauth2/v3/token 200
[debug] [2025-09-15T04:37:42.593Z] <<< [apiv2][body] POST https://www.googleapis.com/oauth2/v3/token [omitted]
[debug] [2025-09-15T04:37:42.599Z] >>> [apiv2][query] GET https://serviceusage.googleapis.com/v1/projects/shair-vault/services/ [none]
[debug] [2025-09-15T04:37:42.599Z] >>> [apiv2][(partial)header] GET https://serviceusage.googleapis.com/v1/projects/shair-vault/services/ x-goog-quota-user=projects/shair-vault
[debug] [2025-09-15T04:37:42.599Z] <<< [apiv2][status] POST https://www.googleapis.com/oauth2/v3/token 200
[debug] [2025-09-15T04:37:42.599Z] <<< [apiv2][body] POST https://www.googleapis.com/oauth2/v3/token [omitted]
[debug] [2025-09-15T04:37:42.607Z] >>> [apiv2][query] GET https://serviceusage.googleapis.com/v1/projects/shair-vault/services/firebaseio.com [none]
[debug] [2025-09-15T04:37:42.607Z] >>> [apiv2][(partial)header] GET https://serviceusage.googleapis.com/v1/projects/shair-vault/services/firebaseio.com x-goog-quota-user=projects/shair-vault
[debug] [2025-09-15T04:37:42.607Z] <<< [apiv2][status] POST https://www.googleapis.com/oauth2/v3/token 200
[debug] [2025-09-15T04:37:42.607Z] <<< [apiv2][body] POST https://www.googleapis.com/oauth2/v3/token [omitted]
[debug] [2025-09-15T04:37:42.616Z] >>> [apiv2][query] GET https://serviceusage.googleapis.com/v1/projects/shair-vault/services/firebaseio.com [none]
[debug] [2025-09-15T04:37:42.616Z] >>> [apiv2][(partial)header] GET https://serviceusage.googleapis.com/v1/projects/shair-vault/services/firebaseio.com x-goog-quota-user=projects/shair-vault
[debug] [2025-09-15T04:37:42.617Z] <<< [apiv2][status] POST https://www.googleapis.com/oauth2/v3/token 200
[debug] [2025-09-15T04:37:42.617Z] <<< [apiv2][body] POST https://www.googleapis.com/oauth2/v3/token [omitted]
[debug] [2025-09-15T04:37:42.625Z] >>> [apiv2][query] GET https://serviceusage.googleapis.com/v1/projects/shair-vault/services/ [none]
[debug] [2025-09-15T04:37:42.625Z] >>> [apiv2][(partial)header] GET https://serviceusage.googleapis.com/v1/projects/shair-vault/services/ x-goog-quota-user=projects/shair-vault
[debug] [2025-09-15T04:37:42.625Z] <<< [apiv2][status] POST https://www.googleapis.com/oauth2/v3/token 200
[debug] [2025-09-15T04:37:42.625Z] <<< [apiv2][body] POST https://www.googleapis.com/oauth2/v3/token [omitted]
[debug] [2025-09-15T04:37:42.633Z] >>> [apiv2][query] GET https://serviceusage.googleapis.com/v1/projects/shair-vault/services/firebasecrashlytics.googleapis.com [none]
[debug] [2025-09-15T04:37:42.633Z] >>> [apiv2][(partial)header] GET https://serviceusage.googleapis.com/v1/projects/shair-vault/services/firebasecrashlytics.googleapis.com x-goog-quota-user=projects/shair-vault
[debug] [2025-09-15T04:37:42.634Z] <<< [apiv2][status] POST https://www.googleapis.com/oauth2/v3/token 200
[debug] [2025-09-15T04:37:42.634Z] <<< [apiv2][body] POST https://www.googleapis.com/oauth2/v3/token [omitted]
[debug] [2025-09-15T04:37:42.642Z] >>> [apiv2][query] GET https://serviceusage.googleapis.com/v1/projects/shair-vault/services/firebaseapphosting.googleapis.com [none]
[debug] [2025-09-15T04:37:42.642Z] >>> [apiv2][(partial)header] GET https://serviceusage.googleapis.com/v1/projects/shair-vault/services/firebaseapphosting.googleapis.com x-goog-quota-user=projects/shair-vault
[debug] [2025-09-15T04:37:42.643Z] <<< [apiv2][status] POST https://www.googleapis.com/oauth2/v3/token 200
[debug] [2025-09-15T04:37:42.643Z] <<< [apiv2][body] POST https://www.googleapis.com/oauth2/v3/token [omitted]
[debug] [2025-09-15T04:37:42.651Z] >>> [apiv2][query] GET https://serviceusage.googleapis.com/v1/projects/shair-vault/services/ [none]
[debug] [2025-09-15T04:37:42.651Z] >>> [apiv2][(partial)header] GET https://serviceusage.googleapis.com/v1/projects/shair-vault/services/ x-goog-quota-user=projects/shair-vault
[debug] [2025-09-15T04:37:42.651Z] <<< [apiv2][status] POST https://www.googleapis.com/oauth2/v3/token 200
[debug] [2025-09-15T04:37:42.651Z] <<< [apiv2][body] POST https://www.googleapis.com/oauth2/v3/token [omitted]
[debug] [2025-09-15T04:37:42.660Z] >>> [apiv2][query] GET https://serviceusage.googleapis.com/v1/projects/shair-vault/services/firebasedataconnect.googleapis.com [none]
[debug] [2025-09-15T04:37:42.660Z] >>> [apiv2][(partial)header] GET https://serviceusage.googleapis.com/v1/projects/shair-vault/services/firebasedataconnect.googleapis.com x-goog-quota-user=projects/shair-vault
[debug] [2025-09-15T04:37:42.665Z] <<< [apiv2][status] POST https://www.googleapis.com/oauth2/v3/token 200
[debug] [2025-09-15T04:37:42.665Z] <<< [apiv2][body] POST https://www.googleapis.com/oauth2/v3/token [omitted]
[debug] [2025-09-15T04:37:42.673Z] >>> [apiv2][query] GET https://serviceusage.googleapis.com/v1/projects/shair-vault/services/firebaseio.com [none]
[debug] [2025-09-15T04:37:42.673Z] >>> [apiv2][(partial)header] GET https://serviceusage.googleapis.com/v1/projects/shair-vault/services/firebaseio.com x-goog-quota-user=projects/shair-vault
[debug] [2025-09-15T04:37:42.674Z] <<< [apiv2][status] POST https://www.googleapis.com/oauth2/v3/token 200
[debug] [2025-09-15T04:37:42.674Z] <<< [apiv2][body] POST https://www.googleapis.com/oauth2/v3/token [omitted]
[debug] [2025-09-15T04:37:42.681Z] >>> [apiv2][query] GET https://serviceusage.googleapis.com/v1/projects/shair-vault/services/firebasecrashlytics.googleapis.com [none]
[debug] [2025-09-15T04:37:42.681Z] >>> [apiv2][(partial)header] GET https://serviceusage.googleapis.com/v1/projects/shair-vault/services/firebasecrashlytics.googleapis.com x-goog-quota-user=projects/shair-vault
[debug] [2025-09-15T04:37:42.684Z] <<< [apiv2][status] POST https://www.googleapis.com/oauth2/v3/token 200
[debug] [2025-09-15T04:37:42.684Z] <<< [apiv2][body] POST https://www.googleapis.com/oauth2/v3/token [omitted]
[debug] [2025-09-15T04:37:42.692Z] >>> [apiv2][query] GET https://serviceusage.googleapis.com/v1/projects/shair-vault/services/firebaseapphosting.googleapis.com [none]
[debug] [2025-09-15T04:37:42.692Z] >>> [apiv2][(partial)header] GET https://serviceusage.googleapis.com/v1/projects/shair-vault/services/firebaseapphosting.googleapis.com x-goog-quota-user=projects/shair-vault
[debug] [2025-09-15T04:37:42.692Z] <<< [apiv2][status] POST https://www.googleapis.com/oauth2/v3/token 200
[debug] [2025-09-15T04:37:42.692Z] <<< [apiv2][body] POST https://www.googleapis.com/oauth2/v3/token [omitted]
[debug] [2025-09-15T04:37:42.701Z] >>> [apiv2][query] GET https://serviceusage.googleapis.com/v1/projects/shair-vault/services/firebasecrashlytics.googleapis.com [none]
[debug] [2025-09-15T04:37:42.701Z] >>> [apiv2][(partial)header] GET https://serviceusage.googleapis.com/v1/projects/shair-vault/services/firebasecrashlytics.googleapis.com x-goog-quota-user=projects/shair-vault
[debug] [2025-09-15T04:37:44.302Z] <<< [apiv2][status] GET https://serviceusage.googleapis.com/v1/projects/shair-vault/services/firebaseio.com 403
[debug] [2025-09-15T04:37:44.302Z] <<< [apiv2][body] GET https://serviceusage.googleapis.com/v1/projects/shair-vault/services/firebaseio.com [omitted]
[debug] [2025-09-15T04:37:44.346Z] <<< [apiv2][status] GET https://serviceusage.googleapis.com/v1/projects/shair-vault/services/firebasedataconnect.googleapis.com 200
[debug] [2025-09-15T04:37:44.346Z] <<< [apiv2][body] GET https://serviceusage.googleapis.com/v1/projects/shair-vault/services/firebasedataconnect.googleapis.com [omitted]
[debug] [2025-09-15T04:37:44.348Z] <<< [apiv2][status] GET https://serviceusage.googleapis.com/v1/projects/shair-vault/services/firebaseapphosting.googleapis.com 200
[debug] [2025-09-15T04:37:44.348Z] <<< [apiv2][body] GET https://serviceusage.googleapis.com/v1/projects/shair-vault/services/firebaseapphosting.googleapis.com [omitted]
[debug] [2025-09-15T04:37:44.366Z] <<< [apiv2][status] GET https://serviceusage.googleapis.com/v1/projects/shair-vault/services/firebasedataconnect.googleapis.com 200
[debug] [2025-09-15T04:37:44.366Z] <<< [apiv2][body] GET https://serviceusage.googleapis.com/v1/projects/shair-vault/services/firebasedataconnect.googleapis.com [omitted]
[debug] [2025-09-15T04:37:44.372Z] <<< [apiv2][status] GET https://serviceusage.googleapis.com/v1/projects/shair-vault/services/firebaseio.com 403
[debug] [2025-09-15T04:37:44.372Z] <<< [apiv2][body] GET https://serviceusage.googleapis.com/v1/projects/shair-vault/services/firebaseio.com [omitted]
[debug] [2025-09-15T04:37:44.375Z] <<< [apiv2][status] GET https://serviceusage.googleapis.com/v1/projects/shair-vault/services/firebaseio.com 403
[debug] [2025-09-15T04:37:44.375Z] <<< [apiv2][body] GET https://serviceusage.googleapis.com/v1/projects/shair-vault/services/firebaseio.com [omitted]
[debug] [2025-09-15T04:37:44.397Z] <<< [apiv2][status] GET https://serviceusage.googleapis.com/v1/projects/shair-vault/services/firebasecrashlytics.googleapis.com 200
[debug] [2025-09-15T04:37:44.397Z] <<< [apiv2][body] GET https://serviceusage.googleapis.com/v1/projects/shair-vault/services/firebasecrashlytics.googleapis.com [omitted]
[debug] [2025-09-15T04:37:44.406Z] <<< [apiv2][status] GET https://serviceusage.googleapis.com/v1/projects/shair-vault/services/firebaseapphosting.googleapis.com 200
[debug] [2025-09-15T04:37:44.406Z] <<< [apiv2][body] GET https://serviceusage.googleapis.com/v1/projects/shair-vault/services/firebaseapphosting.googleapis.com [omitted]
[debug] [2025-09-15T04:37:44.407Z] <<< [apiv2][status] GET https://serviceusage.googleapis.com/v1/projects/shair-vault/services/firebasecrashlytics.googleapis.com 200
[debug] [2025-09-15T04:37:44.407Z] <<< [apiv2][body] GET https://serviceusage.googleapis.com/v1/projects/shair-vault/services/firebasecrashlytics.googleapis.com [omitted]
[debug] [2025-09-15T04:37:44.408Z] <<< [apiv2][status] GET https://serviceusage.googleapis.com/v1/projects/shair-vault/services/firebaseapphosting.googleapis.com 200
[debug] [2025-09-15T04:37:44.408Z] <<< [apiv2][body] GET https://serviceusage.googleapis.com/v1/projects/shair-vault/services/firebaseapphosting.googleapis.com [omitted]
[debug] [2025-09-15T04:37:44.409Z] <<< [apiv2][status] GET https://serviceusage.googleapis.com/v1/projects/shair-vault/services/firebasecrashlytics.googleapis.com 200
[debug] [2025-09-15T04:37:44.409Z] <<< [apiv2][body] GET https://serviceusage.googleapis.com/v1/projects/shair-vault/services/firebasecrashlytics.googleapis.com [omitted]
[debug] [2025-09-15T04:37:44.657Z] <<< [apiv2][status] GET https://serviceusage.googleapis.com/v1/projects/shair-vault/services/ 200
[debug] [2025-09-15T04:37:44.657Z] <<< [apiv2][body] GET https://serviceusage.googleapis.com/v1/projects/shair-vault/services/ [omitted]
[debug] [2025-09-15T04:37:44.670Z] > command requires scopes: ["email","openid","https://www.googleapis.com/auth/cloudplatformprojects.readonly","https://www.googleapis.com/auth/firebase","https://www.googleapis.com/auth/cloud-platform"]
[debug] [2025-09-15T04:37:44.670Z] > authorizing via signed-in user (bollywooodsong22@gmail.com)
[debug] [2025-09-15T04:37:44.686Z] <<< [apiv2][status] GET https://serviceusage.googleapis.com/v1/projects/shair-vault/services/ 200
[debug] [2025-09-15T04:37:44.686Z] <<< [apiv2][body] GET https://serviceusage.googleapis.com/v1/projects/shair-vault/services/ [omitted]
[debug] [2025-09-15T04:37:44.689Z] > command requires scopes: ["email","openid","https://www.googleapis.com/auth/cloudplatformprojects.readonly","https://www.googleapis.com/auth/firebase","https://www.googleapis.com/auth/cloud-platform"]
[debug] [2025-09-15T04:37:44.689Z] > authorizing via signed-in user (bollywooodsong22@gmail.com)
[debug] [2025-09-15T04:37:44.742Z] <<< [apiv2][status] GET https://serviceusage.googleapis.com/v1/projects/shair-vault/services/ 200
[debug] [2025-09-15T04:37:44.742Z] <<< [apiv2][body] GET https://serviceusage.googleapis.com/v1/projects/shair-vault/services/ [omitted]
[debug] [2025-09-15T04:37:46.308Z] <<< [apiv2][status] GET https://serviceusage.googleapis.com/v1/projects/shair-vault/services/firebasedataconnect.googleapis.com 200
[debug] [2025-09-15T04:37:46.308Z] <<< [apiv2][body] GET https://serviceusage.googleapis.com/v1/projects/shair-vault/services/firebasedataconnect.googleapis.com [omitted]
